2023-09-11 16:57:05 - INFO: Приложение запущено со следубщими параметрами: количество ядер: 20, хешь заканчивается на 00, количество найденых результатов 2
2023-09-11 17:01:11 - INFO: Приложение запущено со следубщими параметрами: количество ядер: 20, хешь заканчивается на 00, количество необходимых результатов 2
2023-09-11 17:01:11 - INFO: Результат запуска :D26EAE87829ADDE551BF4B852F9DA6B8C3C2DB9B65B8B68870632A2DB5F53E00
2023-09-11 17:01:11 - INFO: Результат запуска :6E8D1A943F129896827384A699A11A6BC83D13AB6B8667763DF327C8B2A9B500
2023-09-11 17:04:38 - INFO: Не указаны необходимые значения для запуска приложения
2023-09-11 17:04:38 - INFO: Не указаны необходимые значения для запуска приложения
2023-09-11 17:04:55 - INFO: -N принимает значение 2
2023-09-11 17:04:55 - INFO: -F принимает значение 2
2023-09-11 17:04:55 - INFO: Приложение запущено со следубщими параметрами: количество ядер: 20, хешь заканчивается на 00, количество необходимых результатов 2
2023-09-11 17:09:11 - INFO: Не указаны необходимые значения для запуска приложения
2023-09-11 17:09:11 - INFO: Не указаны необходимые значения для запуска приложения
2023-09-11 17:09:16 - INFO: -N принимает значение 2
2023-09-11 17:09:16 - INFO: -F принимает значение 2
2023-09-11 17:09:16 - INFO: Приложение запущено со следубщими параметрами: количество ядер: 20, хешь заканчивается на 00, количество необходимых результатов 2
2023-09-11 17:09:44 - INFO: Не указаны необходимые значения для запуска приложения
2023-09-11 17:09:44 - INFO: Не указаны необходимые значения для запуска приложения
2023-09-11 17:09:54 - INFO: -N принимает значение 2
2023-09-11 17:09:54 - INFO: -F принимает значение 2
2023-09-11 17:09:54 - INFO: Приложение запущено со следубщими параметрами: количество ядер: 20, хешь заканчивается на 00, количество необходимых результатов 2
2023-09-11 17:09:59 - INFO: -N принимает значение 2
2023-09-11 17:09:59 - INFO: -F принимает значение 4
2023-09-11 17:09:59 - INFO: Приложение запущено со следубщими параметрами: количество ядер: 20, хешь заканчивается на 00, количество необходимых результатов 4
2023-09-11 17:10:20 - INFO: Не указаны необходимые значения для запуска приложения
2023-09-11 17:10:20 - INFO: Не указаны необходимые значения для запуска приложения
2023-09-11 17:10:24 - INFO: -N принимает значение 2
2023-09-11 17:10:24 - INFO: -F принимает значение 4
2023-09-11 17:10:24 - INFO: Приложение запущено со следубщими параметрами: количество ядер: 20, хешь заканчивается на 00, количество необходимых результатов 4
2023-09-11 17:10:52 - INFO: Не указаны необходимые значения для запуска приложения
2023-09-11 17:10:52 - INFO: Не указаны необходимые значения для запуска приложения
2023-09-11 17:10:58 - INFO: -N принимает значение 2
2023-09-11 17:10:58 - INFO: -F принимает значение 2
2023-09-11 17:10:58 - INFO: Приложение запущено со следубщими параметрами: количество ядер: 20, хешь заканчивается на 00, количество необходимых результатов 2
2023-09-11 17:11:00 - INFO: -N принимает значение 2
2023-09-11 17:11:00 - INFO: -F принимает значение 3
2023-09-11 17:11:00 - INFO: Приложение запущено со следубщими параметрами: количество ядер: 20, хешь заканчивается на 00, количество необходимых результатов 3
2023-09-11 17:11:02 - INFO: -N принимает значение 2
2023-09-11 17:11:02 - INFO: -F принимает значение 4
2023-09-11 17:11:02 - INFO: Приложение запущено со следубщими параметрами: количество ядер: 20, хешь заканчивается на 00, количество необходимых результатов 4
2023-09-11 17:14:04 - INFO: Не указаны необходимые значения для запуска приложения
2023-09-11 17:14:04 - INFO: Не указаны необходимые значения для запуска приложения
2023-09-11 17:14:12 - INFO: -N принимает значение 2
2023-09-11 17:14:12 - INFO: -F принимает значение 2
2023-09-11 17:14:12 - INFO: Приложение запущено со следубщими параметрами: количество ядер: 20, хешь заканчивается на 00, количество необходимых результатов 2
2023-09-11 17:14:14 - INFO: -N принимает значение 2
2023-09-11 17:14:14 - INFO: -F принимает значение 3
2023-09-11 17:14:14 - INFO: Приложение запущено со следубщими параметрами: количество ядер: 20, хешь заканчивается на 00, количество необходимых результатов 3
2023-09-11 17:14:16 - INFO: -N принимает значение 2
2023-09-11 17:14:16 - INFO: -F принимает значение 4
2023-09-11 17:14:16 - INFO: Приложение запущено со следубщими параметрами: количество ядер: 20, хешь заканчивается на 00, количество необходимых результатов 4
2023-09-11 17:14:18 - INFO: -N принимает значение 2
2023-09-11 17:14:18 - INFO: -F принимает значение 5
2023-09-11 17:14:18 - INFO: Приложение запущено со следубщими параметрами: количество ядер: 20, хешь заканчивается на 00, количество необходимых результатов 5
2023-09-11 17:14:22 - INFO: -N принимает значение 2
2023-09-11 17:14:22 - INFO: -F принимает значение 5
2023-09-11 17:14:22 - INFO: Приложение запущено со следубщими параметрами: количество ядер: 20, хешь заканчивается на 00, количество необходимых результатов 5
2023-09-11 17:14:23 - INFO: -N принимает значение 2
2023-09-11 17:14:23 - INFO: -F принимает значение 5
2023-09-11 17:14:23 - INFO: Приложение запущено со следубщими параметрами: количество ядер: 20, хешь заканчивается на 00, количество необходимых результатов 5
2023-09-11 17:14:24 - INFO: -N принимает значение 2
2023-09-11 17:14:24 - INFO: -F принимает значение 5
2023-09-11 17:14:24 - INFO: Приложение запущено со следубщими параметрами: количество ядер: 20, хешь заканчивается на 00, количество необходимых результатов 5
2023-09-11 17:14:24 - INFO: -N принимает значение 2
2023-09-11 17:14:24 - INFO: -F принимает значение 5
2023-09-11 17:14:24 - INFO: Приложение запущено со следубщими параметрами: количество ядер: 20, хешь заканчивается на 00, количество необходимых результатов 5
2023-09-11 17:14:25 - INFO: -N принимает значение 2
2023-09-11 17:14:25 - INFO: -F принимает значение 5
2023-09-11 17:14:25 - INFO: Приложение запущено со следубщими параметрами: количество ядер: 20, хешь заканчивается на 00, количество необходимых результатов 5
2023-09-11 17:14:28 - INFO: -N принимает значение 4
2023-09-11 17:14:28 - INFO: -F принимает значение 5
2023-09-11 17:14:28 - INFO: Приложение запущено со следубщими параметрами: количество ядер: 20, хешь заканчивается на 0000, количество необходимых результатов 5
2023-09-11 17:25:06 - INFO: Не указаны необходимые значения для запуска приложения
2023-09-11 17:25:06 - INFO: Не указаны необходимые значения для запуска приложения
2023-09-11 17:25:14 - INFO: -N принимает значение 4
2023-09-11 17:25:14 - INFO: -F принимает значение 5
2023-09-11 17:25:14 - INFO: Приложение запущено со следубщими параметрами: количество ядер: 20, хешь заканчивается на 0000, количество необходимых результатов 5
